# JRE version: OpenJDK Runtime Environment (Zulu 8.52.0.23-CA-win64) (8.0_282-b08) (build 1.8.0_282-b08)
# Java VM: OpenJDK 64-Bit Server VM (25.282-b08 mixed mode windows-amd64 compressed oops)
Heap:
 PSYoungGen      total 524800K, used 295721K [0x00000000d5580000, 0x00000000ffd80000, 0x0000000100000000)
  eden space 504832K, 56% used [0x00000000d5580000,0x00000000e6b25988,0x00000000f4280000)
  from space 19968K, 57% used [0x00000000f4280000,0x00000000f4da4cd8,0x00000000f5600000)
  to   space 18944K, 0% used [0x00000000feb00000,0x00000000feb00000,0x00000000ffd80000)
 ParOldGen       total 183808K, used 32947K [0x0000000080000000, 0x000000008b380000, 0x00000000d5580000)
  object space 183808K, 17% used [0x0000000080000000,0x000000008202cc20,0x000000008b380000)
 Metaspace       used 46284K, capacity 48766K, committed 48896K, reserved 1091584K
  class space    used 5404K, capacity 6287K, committed 6400K, reserved 1048576K
GC Heap History (10 events):
Event: 597.501 GC heap before
{Heap before GC invocations=21 (full 2):
 PSYoungGen      total 293888K, used 293873K [0x00000000d5580000, 0x00000000ea580000, 0x0000000100000000)
  eden space 280576K, 100% used [0x00000000d5580000,0x00000000e6780000,0x00000000e6780000)
  from space 13312K, 99% used [0x00000000e9880000,0x00000000ea57c430,0x00000000ea580000)
  to   space 18944K, 0% used [0x00000000e8080000,0x00000000e8080000,0x00000000e9300000)
 ParOldGen       total 183808K, used 27644K [0x0000000080000000, 0x000000008b380000, 0x00000000d5580000)
  object space 183808K, 15% used [0x0000000080000000,0x0000000081aff0c8,0x000000008b380000)
 Metaspace       used 44884K, capacity 46842K, committed 46976K, reserved 1089536K
  class space    used 5268K, capacity 5964K, committed 6016K, reserved 1048576K
Event: 627.017 GC heap after
Heap after GC invocations=21 (full 2):
 PSYoungGen      total 325120K, used 14769K [0x00000000d5580000, 0x00000000ef280000, 0x0000000100000000)
  eden space 306176K, 0% used [0x00000000d5580000,0x00000000d5580000,0x00000000e8080000)
  from space 18944K, 77% used [0x00000000e8080000,0x00000000e8eec460,0x00000000e9300000)
  to   space 19968K, 0% used [0x00000000edf00000,0x00000000edf00000,0x00000000ef280000)
 ParOldGen       total 183808K, used 27652K [0x0000000080000000, 0x000000008b380000, 0x00000000d5580000)
  object space 183808K, 15% used [0x0000000080000000,0x0000000081b010c8,0x000000008b380000)
 Metaspace       used 44884K, capacity 46842K, committed 46976K, reserved 1089536K
  class space    used 5268K, capacity 5964K, committed 6016K, reserved 1048576K
}
Event: 3911.286 GC heap before
{Heap before GC invocations=22 (full 2):
 PSYoungGen      total 325120K, used 320945K [0x00000000d5580000, 0x00000000ef280000, 0x0000000100000000)
  eden space 306176K, 100% used [0x00000000d5580000,0x00000000e8080000,0x00000000e8080000)
  from space 18944K, 77% used [0x00000000e8080000,0x00000000e8eec460,0x00000000e9300000)
  to   space 19968K, 0% used [0x00000000edf00000,0x00000000edf00000,0x00000000ef280000)
 ParOldGen       total 183808K, used 27652K [0x0000000080000000, 0x000000008b380000, 0x00000000d5580000)
  object space 183808K, 15% used [0x0000000080000000,0x0000000081b010c8,0x000000008b380000)
 Metaspace       used 45280K, capacity 47340K, committed 47616K, reserved 1091584K
  class space    used 5292K, capacity 6021K, committed 6144K, reserved 1048576K
Event: 3915.849 GC heap after
Heap after GC invocations=22 (full 2):
 PSYoungGen      total 401408K, used 17492K [0x00000000d5580000, 0x00000000f1480000, 0x0000000100000000)
  eden space 381440K, 0% used [0x00000000d5580000,0x00000000d5580000,0x00000000eca00000)
  from space 19968K, 87% used [0x00000000edf00000,0x00000000ef015228,0x00000000ef280000)
  to   space 21504K, 0% used [0x00000000eca00000,0x00000000eca00000,0x00000000edf00000)
 ParOldGen       total 183808K, used 27660K [0x0000000080000000, 0x000000008b380000, 0x00000000d5580000)
  object space 183808K, 15% used [0x0000000080000000,0x0000000081b030c8,0x000000008b380000)
 Metaspace       used 45280K, capacity 47340K, committed 47616K, reserved 1091584K
  class space    used 5292K, capacity 6021K, committed 6144K, reserved 1048576K
}
Event: 4258.153 GC heap before
{Heap before GC invocations=23 (full 2):
 PSYoungGen      total 401408K, used 398932K [0x00000000d5580000, 0x00000000f1480000, 0x0000000100000000)
  eden space 381440K, 100% used [0x00000000d5580000,0x00000000eca00000,0x00000000eca00000)
  from space 19968K, 87% used [0x00000000edf00000,0x00000000ef015228,0x00000000ef280000)
  to   space 21504K, 0% used [0x00000000eca00000,0x00000000eca00000,0x00000000edf00000)
 ParOldGen       total 183808K, used 27660K [0x0000000080000000, 0x000000008b380000, 0x00000000d5580000)
  object space 183808K, 15% used [0x0000000080000000,0x0000000081b030c8,0x000000008b380000)
 Metaspace       used 45591K, capacity 47818K, committed 47872K, reserved 1091584K
  class space    used 5330K, capacity 6115K, committed 6144K, reserved 1048576K
Event: 4258.287 GC heap after
Heap after GC invocations=23 (full 2):
 PSYoungGen      total 402944K, used 10780K [0x00000000d5580000, 0x00000000f7080000, 0x0000000100000000)
  eden space 381440K, 0% used [0x00000000d5580000,0x00000000d5580000,0x00000000eca00000)
  from space 21504K, 50% used [0x00000000eca00000,0x00000000ed4873e8,0x00000000edf00000)
  to   space 20480K, 0% used [0x00000000f5c80000,0x00000000f5c80000,0x00000000f7080000)
 ParOldGen       total 183808K, used 29912K [0x0000000080000000, 0x000000008b380000, 0x00000000d5580000)
  object space 183808K, 16% used [0x0000000080000000,0x0000000081d36398,0x000000008b380000)
 Metaspace       used 45591K, capacity 47818K, committed 47872K, reserved 1091584K
  class space    used 5330K, capacity 6115K, committed 6144K, reserved 1048576K
}
Event: 4449.623 GC heap before
{Heap before GC invocations=24 (full 2):
 PSYoungGen      total 402944K, used 392220K [0x00000000d5580000, 0x00000000f7080000, 0x0000000100000000)
  eden space 381440K, 100% used [0x00000000d5580000,0x00000000eca00000,0x00000000eca00000)
  from space 21504K, 50% used [0x00000000eca00000,0x00000000ed4873e8,0x00000000edf00000)
  to   space 20480K, 0% used [0x00000000f5c80000,0x00000000f5c80000,0x00000000f7080000)
 ParOldGen       total 183808K, used 29912K [0x0000000080000000, 0x000000008b380000, 0x00000000d5580000)
  object space 183808K, 16% used [0x0000000080000000,0x0000000081d36398,0x000000008b380000)
 Metaspace       used 45884K, capacity 48242K, committed 48512K, reserved 1091584K
  class space    used 5370K, capacity 6200K, committed 6272K, reserved 1048576K
Event: 4449.630 GC heap after
Heap after GC invocations=24 (full 2):
 PSYoungGen      total 518144K, used 11513K [0x00000000d5580000, 0x00000000f6980000, 0x0000000100000000)
  eden space 504832K, 0% used [0x00000000d5580000,0x00000000d5580000,0x00000000f4280000)
  from space 13312K, 86% used [0x00000000f5c80000,0x00000000f67be4d0,0x00000000f6980000)
  to   space 19968K, 0% used [0x00000000f4280000,0x00000000f4280000,0x00000000f5600000)
 ParOldGen       total 183808K, used 31479K [0x0000000080000000, 0x000000008b380000, 0x00000000d5580000)
  object space 183808K, 17% used [0x0000000080000000,0x0000000081ebdf68,0x000000008b380000)
 Metaspace       used 45884K, capacity 48242K, committed 48512K, reserved 1091584K
  class space    used 5370K, capacity 6200K, committed 6272K, reserved 1048576K
}
Event: 4558.062 GC heap before
{Heap before GC invocations=25 (full 2):
 PSYoungGen      total 518144K, used 516345K [0x00000000d5580000, 0x00000000f6980000, 0x0000000100000000)
  eden space 504832K, 100% used [0x00000000d5580000,0x00000000f4280000,0x00000000f4280000)
  from space 13312K, 86% used [0x00000000f5c80000,0x00000000f67be4d0,0x00000000f6980000)
  to   space 19968K, 0% used [0x00000000f4280000,0x00000000f4280000,0x00000000f5600000)
 ParOldGen       total 183808K, used 31479K [0x0000000080000000, 0x000000008b380000, 0x00000000d5580000)
  object space 183808K, 17% used [0x0000000080000000,0x0000000081ebdf68,0x000000008b380000)
 Metaspace       used 46161K, capacity 48560K, committed 48768K, reserved 1091584K
  class space    used 5395K, capacity 6261K, committed 6272K, reserved 1048576K
Event: 4558.071 GC heap after
Heap after GC invocations=25 (full 2):
 PSYoungGen      total 524800K, used 11411K [0x00000000d5580000, 0x00000000ffd80000, 0x0000000100000000)
  eden space 504832K, 0% used [0x00000000d5580000,0x00000000d5580000,0x00000000f4280000)
  from space 19968K, 57% used [0x00000000f4280000,0x00000000f4da4cd8,0x00000000f5600000)
  to   space 18944K, 0% used [0x00000000feb00000,0x00000000feb00000,0x00000000ffd80000)
 ParOldGen       total 183808K, used 32947K [0x0000000080000000, 0x000000008b380000, 0x00000000d5580000)
  object space 183808K, 17% used [0x0000000080000000,0x000000008202cc20,0x000000008b380000)
 Metaspace       used 46161K, capacity 48560K, committed 48768K, reserved 1091584K
  class space    used 5395K, capacity 6261K, committed 6272K, reserved 1048576K
}

