# JRE version: OpenJDK Runtime Environment (Zulu 8.52.0.23-CA-win64) (8.0_282-b08) (build 1.8.0_282-b08)
# Java VM: OpenJDK 64-Bit Server VM (25.282-b08 mixed mode windows-amd64 compressed oops)
Heap:
 PSYoungGen      total 122880K, used 114484K [0x00000000d5580000, 0x00000000de080000, 0x0000000100000000)
  eden space 116736K, 93% used [0x00000000d5580000,0x00000000dbfcd0a0,0x00000000dc780000)
  from space 6144K, 91% used [0x00000000dca00000,0x00000000dcf80330,0x00000000dd000000)
  to   space 12800K, 0% used [0x00000000dd400000,0x00000000dd400000,0x00000000de080000)
 ParOldGen       total 150016K, used 32853K [0x0000000080000000, 0x0000000089280000, 0x00000000d5580000)
  object space 150016K, 21% used [0x0000000080000000,0x00000000820154f0,0x0000000089280000)
 Metaspace       used 44986K, capacity 47168K, committed 47360K, reserved 1091584K
  class space    used 5260K, capacity 6061K, committed 6144K, reserved 1048576K
GC Heap History (10 events):
Event: 513.513 GC heap before
{Heap before GC invocations=35 (full 2):
 PSYoungGen      total 140800K, used 140096K [0x00000000d5580000, 0x00000000def80000, 0x0000000100000000)
  eden space 131072K, 100% used [0x00000000d5580000,0x00000000dd580000,0x00000000dd580000)
  from space 9728K, 92% used [0x00000000de600000,0x00000000deed0230,0x00000000def80000)
  to   space 13312K, 0% used [0x00000000dd580000,0x00000000dd580000,0x00000000de280000)
 ParOldGen       total 150016K, used 29667K [0x0000000080000000, 0x0000000089280000, 0x00000000d5580000)
  object space 150016K, 19% used [0x0000000080000000,0x0000000081cf8f40,0x0000000089280000)
 Metaspace       used 44378K, capacity 46334K, committed 46464K, reserved 1089536K
  class space    used 5189K, capacity 5903K, committed 6016K, reserved 1048576K
Event: 513.519 GC heap after
Heap after GC invocations=35 (full 2):
 PSYoungGen      total 137216K, used 8848K [0x00000000d5580000, 0x00000000dec80000, 0x0000000100000000)
  eden space 128000K, 0% used [0x00000000d5580000,0x00000000d5580000,0x00000000dd280000)
  from space 9216K, 96% used [0x00000000dd580000,0x00000000dde24100,0x00000000dde80000)
  to   space 13312K, 0% used [0x00000000ddf80000,0x00000000ddf80000,0x00000000dec80000)
 ParOldGen       total 150016K, used 30404K [0x0000000080000000, 0x0000000089280000, 0x00000000d5580000)
  object space 150016K, 20% used [0x0000000080000000,0x0000000081db10b0,0x0000000089280000)
 Metaspace       used 44378K, capacity 46334K, committed 46464K, reserved 1089536K
  class space    used 5189K, capacity 5903K, committed 6016K, reserved 1048576K
}
Event: 875.551 GC heap before
{Heap before GC invocations=36 (full 2):
 PSYoungGen      total 137216K, used 136848K [0x00000000d5580000, 0x00000000dec80000, 0x0000000100000000)
  eden space 128000K, 100% used [0x00000000d5580000,0x00000000dd280000,0x00000000dd280000)
  from space 9216K, 96% used [0x00000000dd580000,0x00000000dde24100,0x00000000dde80000)
  to   space 13312K, 0% used [0x00000000ddf80000,0x00000000ddf80000,0x00000000dec80000)
 ParOldGen       total 150016K, used 30404K [0x0000000080000000, 0x0000000089280000, 0x00000000d5580000)
  object space 150016K, 20% used [0x0000000080000000,0x0000000081db10b0,0x0000000089280000)
 Metaspace       used 44522K, capacity 46582K, committed 46720K, reserved 1089536K
  class space    used 5203K, capacity 5935K, committed 6016K, reserved 1048576K
Event: 880.115 GC heap after
Heap after GC invocations=36 (full 2):
 PSYoungGen      total 134144K, used 8952K [0x00000000d5580000, 0x00000000de880000, 0x0000000100000000)
  eden space 124928K, 0% used [0x00000000d5580000,0x00000000d5580000,0x00000000dcf80000)
  from space 9216K, 97% used [0x00000000ddf80000,0x00000000de83e0d8,0x00000000de880000)
  to   space 12800K, 0% used [0x00000000dcf80000,0x00000000dcf80000,0x00000000ddc00000)
 ParOldGen       total 150016K, used 31292K [0x0000000080000000, 0x0000000089280000, 0x00000000d5580000)
  object space 150016K, 20% used [0x0000000080000000,0x0000000081e8f1d0,0x0000000089280000)
 Metaspace       used 44522K, capacity 46582K, committed 46720K, reserved 1089536K
  class space    used 5203K, capacity 5935K, committed 6016K, reserved 1048576K
}
Event: 3055.391 GC heap before
{Heap before GC invocations=37 (full 2):
 PSYoungGen      total 134144K, used 133880K [0x00000000d5580000, 0x00000000de880000, 0x0000000100000000)
  eden space 124928K, 100% used [0x00000000d5580000,0x00000000dcf80000,0x00000000dcf80000)
  from space 9216K, 97% used [0x00000000ddf80000,0x00000000de83e0d8,0x00000000de880000)
  to   space 12800K, 0% used [0x00000000dcf80000,0x00000000dcf80000,0x00000000ddc00000)
 ParOldGen       total 150016K, used 31292K [0x0000000080000000, 0x0000000089280000, 0x00000000d5580000)
  object space 150016K, 20% used [0x0000000080000000,0x0000000081e8f1d0,0x0000000089280000)
 Metaspace       used 44739K, capacity 46808K, committed 46976K, reserved 1089536K
  class space    used 5231K, capacity 5986K, committed 6016K, reserved 1048576K
Event: 3068.622 GC heap after
Heap after GC invocations=37 (full 2):
 PSYoungGen      total 130560K, used 8656K [0x00000000d5580000, 0x00000000de480000, 0x0000000100000000)
  eden space 121856K, 0% used [0x00000000d5580000,0x00000000d5580000,0x00000000dcc80000)
  from space 8704K, 99% used [0x00000000dcf80000,0x00000000dd7f4210,0x00000000dd800000)
  to   space 12288K, 0% used [0x00000000dd880000,0x00000000dd880000,0x00000000de480000)
 ParOldGen       total 150016K, used 31748K [0x0000000080000000, 0x0000000089280000, 0x00000000d5580000)
  object space 150016K, 21% used [0x0000000080000000,0x0000000081f01290,0x0000000089280000)
 Metaspace       used 44739K, capacity 46808K, committed 46976K, reserved 1089536K
  class space    used 5231K, capacity 5986K, committed 6016K, reserved 1048576K
}
Event: 3916.184 GC heap before
{Heap before GC invocations=38 (full 2):
 PSYoungGen      total 130560K, used 130512K [0x00000000d5580000, 0x00000000de480000, 0x0000000100000000)
  eden space 121856K, 100% used [0x00000000d5580000,0x00000000dcc80000,0x00000000dcc80000)
  from space 8704K, 99% used [0x00000000dcf80000,0x00000000dd7f4210,0x00000000dd800000)
  to   space 12288K, 0% used [0x00000000dd880000,0x00000000dd880000,0x00000000de480000)
 ParOldGen       total 150016K, used 31748K [0x0000000080000000, 0x0000000089280000, 0x00000000d5580000)
  object space 150016K, 21% used [0x0000000080000000,0x0000000081f01290,0x0000000089280000)
 Metaspace       used 44929K, capacity 47044K, committed 47360K, reserved 1091584K
  class space    used 5253K, capacity 6042K, committed 6144K, reserved 1048576K
Event: 3917.486 GC heap after
Heap after GC invocations=38 (full 2):
 PSYoungGen      total 130048K, used 5792K [0x00000000d5580000, 0x00000000de300000, 0x0000000100000000)
  eden space 119296K, 0% used [0x00000000d5580000,0x00000000d5580000,0x00000000dca00000)
  from space 10752K, 53% used [0x00000000dd880000,0x00000000dde28380,0x00000000de300000)
  to   space 12800K, 0% used [0x00000000dca00000,0x00000000dca00000,0x00000000dd680000)
 ParOldGen       total 150016K, used 32444K [0x0000000080000000, 0x0000000089280000, 0x00000000d5580000)
  object space 150016K, 21% used [0x0000000080000000,0x0000000081faf3f0,0x0000000089280000)
 Metaspace       used 44929K, capacity 47044K, committed 47360K, reserved 1091584K
  class space    used 5253K, capacity 6042K, committed 6144K, reserved 1048576K
}
Event: 4130.119 GC heap before
{Heap before GC invocations=39 (full 2):
 PSYoungGen      total 130048K, used 125088K [0x00000000d5580000, 0x00000000de300000, 0x0000000100000000)
  eden space 119296K, 100% used [0x00000000d5580000,0x00000000dca00000,0x00000000dca00000)
  from space 10752K, 53% used [0x00000000dd880000,0x00000000dde28380,0x00000000de300000)
  to   space 12800K, 0% used [0x00000000dca00000,0x00000000dca00000,0x00000000dd680000)
 ParOldGen       total 150016K, used 32444K [0x0000000080000000, 0x0000000089280000, 0x00000000d5580000)
  object space 150016K, 21% used [0x0000000080000000,0x0000000081faf3f0,0x0000000089280000)
 Metaspace       used 44968K, capacity 47144K, committed 47360K, reserved 1091584K
  class space    used 5257K, capacity 6053K, committed 6144K, reserved 1048576K
Event: 4130.610 GC heap after
Heap after GC invocations=39 (full 2):
 PSYoungGen      total 122880K, used 5632K [0x00000000d5580000, 0x00000000de080000, 0x0000000100000000)
  eden space 116736K, 0% used [0x00000000d5580000,0x00000000d5580000,0x00000000dc780000)
  from space 6144K, 91% used [0x00000000dca00000,0x00000000dcf80330,0x00000000dd000000)
  to   space 12800K, 0% used [0x00000000dd400000,0x00000000dd400000,0x00000000de080000)
 ParOldGen       total 150016K, used 32853K [0x0000000080000000, 0x0000000089280000, 0x00000000d5580000)
  object space 150016K, 21% used [0x0000000080000000,0x00000000820154f0,0x0000000089280000)
 Metaspace       used 44968K, capacity 47144K, committed 47360K, reserved 1091584K
  class space    used 5257K, capacity 6053K, committed 6144K, reserved 1048576K
}

