import static com.kms.katalon.core.testcase.TestCaseFactory.findTestCase
import static com.kms.katalon.core.testobject.ObjectRepository.findTestObject

import java.awt.Robot
import java.awt.event.KeyEvent as KeyEvent

import org.openqa.selenium.WebDriver as WebDriver
import org.openqa.selenium.remote.RemoteWebDriver
import org.openqa.selenium.support.events.EventFiringWebDriver as EventFiringWebDriver

import com.kms.katalon.core.exception.StepErrorException as StepErrorException
import com.kms.katalon.core.exception.StepFailedException
import com.kms.katalon.core.model.FailureHandling as FailureHandling
import com.kms.katalon.core.testobject.TestObject as TestObject
import com.kms.katalon.core.util.KeywordUtil
import com.kms.katalon.core.webui.driver.DriverFactory as DriverFactory
import com.kms.katalon.core.webui.keyword.WebUiBuiltInKeywords as WebUI
import com.relevantcodes.extentreports.LogStatus

import internal.GlobalVariable as GlobalVariable
import com.kms.katalon.core.configuration.RunConfiguration as RunConfiguration


'Login into PAW '
WebUI.callTestCase(findTestCase('XRepeated_TC/Login'), [('username') : GlobalVariable.G_userName, ('password') : GlobalVariable.G_Password],
FailureHandling.STOP_ON_FAILURE)

WebDriver driver = DriverFactory.getWebDriver()

EventFiringWebDriver eventFiring = ((DriverFactory.getWebDriver()) as EventFiringWebDriver)

// Get the driver wrapped inside
WebDriver wrappedWebDriver = eventFiring.getWrappedDriver()

// Cast the wrapped driver into RemoteWebDriver
RemoteWebDriver katalonWebDriver = ((wrappedWebDriver) as RemoteWebDriver)

String ReportFile=GlobalVariable.G_ReportName+".html"

def extent=CustomKeywords.'generateReports.GenerateReport.create'(ReportFile,GlobalVariable.G_Browser,GlobalVariable.G_BrowserVersion)
def LogStatus = com.relevantcodes.extentreports.LogStatus;

def extentTest = extent.startTest(TestCaseName)
String screenShot='ExtentReports/'+TestCaseName+userChoice+GlobalVariable.G_Browser+'.png'
def result
WebUI.delay(2)
Robot rob = new Robot()

try
{
	WebUI.delay(2)
	//WebUI.click(findTestObject('GenericObjects/TitleLink_Jobs'))

	WebUI.click(findTestObject('Preferences/Profiletab'))
	extentTest.log(LogStatus.PASS, 'Click on profile tab')
	WebUI.delay(2)

	WebUI.click(findTestObject('AppComposer/Appcomposer'))
	extentTest.log(LogStatus.PASS, 'Click on App composer')

	switch(userChoice)
	{

		case'Enable Help':

		       WebUI.click(findTestObject('AppComposer/ShowHelp'))
			   WebUI.verifyElementPresent(findTestObject('AppComposer/ExecutableComm'), 3)
			

			break

		case'Disable Help':

			   WebUI.verifyElementNotPresent(findTestObject('AppComposer/ExecutableComm'), 3)

			break

		
		
			

	}




	if (GlobalVariable.G_Browser == 'IE') {
		WebUI.callTestCase(findTestCase('XRepeated_TC/Logout'), [:], FailureHandling.STOP_ON_FAILURE)
	}

}

catch (Exception  ex)
{

	String screenShotPath='ExtentReports/'+TestCaseName+GlobalVariable.G_Browser+'.png'
	WebUI.takeScreenshot(screenShotPath)
	extentTest.log(LogStatus.FAIL,ex)
	KeywordUtil.markFailed('ERROR: '+ e)

}
catch (StepErrorException  e)
{

	String screenShotPath='ExtentReports/'+TestCaseName+GlobalVariable.G_Browser+'.png'
	WebUI.takeScreenshot(screenShotPath)
	extentTest.log(LogStatus.FAIL,e)
	KeywordUtil.markFailed('ERROR: '+ e)

}
catch (StepFailedException e)
{
	String screenShotPath='ExtentReports/'+TestCaseName+GlobalVariable.G_Browser+'.png'
	WebUI.takeScreenshot(screenShotPath)
	extentTest.log(LogStatus.FAIL,e)
	KeywordUtil.markFailed('ERROR: '+ e)
}
finally
{

	extent.endTest(extentTest);
	extent.flush();

}

